0 info it worked if it ends with ok
1 verbose cli [ 'node', '/usr/bin/npm', 'publish' ]
2 info using npm@2.13.2
3 info using node@v0.12.7
4 verbose publish [ '.' ]
5 silly cache add args [ '.', null ]
6 verbose cache add spec .
7 silly cache add parsed spec { raw: '.',
7 silly cache add   scope: null,
7 silly cache add   name: null,
7 silly cache add   rawSpec: '.',
7 silly cache add   spec: '/data/projects/generator-telegram-bot',
7 silly cache add   type: 'directory' }
8 verbose addLocalDirectory /home/neo/.npm/generator-telegram-bot/0.0.6/package.tgz not in flight; packing
9 verbose tar pack [ '/home/neo/.npm/generator-telegram-bot/0.0.6/package.tgz',
9 verbose tar pack   '/data/projects/generator-telegram-bot' ]
10 verbose tarball /home/neo/.npm/generator-telegram-bot/0.0.6/package.tgz
11 verbose folder /data/projects/generator-telegram-bot
12 info prepublish generator-telegram-bot@0.0.6
13 verbose addLocalTarball adding from inside cache /home/neo/.npm/generator-telegram-bot/0.0.6/package.tgz
14 silly cache afterAdd generator-telegram-bot@0.0.6
15 verbose afterAdd /home/neo/.npm/generator-telegram-bot/0.0.6/package/package.json not in flight; writing
16 verbose afterAdd /home/neo/.npm/generator-telegram-bot/0.0.6/package/package.json written
17 silly publish { name: 'generator-telegram-bot',
17 silly publish   version: '0.0.6',
17 silly publish   description: 'Yeoman generator for Python Telegram Bots',
17 silly publish   license: 'MIT',
17 silly publish   main: 'app/index.js',
17 silly publish   repository:
17 silly publish    { type: 'git',
17 silly publish      url: 'git+https://github.com/ashneo76/generator-telegram-bot.git' },
17 silly publish   author: { name: 'Ashish Shah', url: 'https://github.com/ashneo76' },
17 silly publish   scripts: { test: 'mocha' },
17 silly publish   files: [ 'generators' ],
17 silly publish   keywords: [ 'yeoman-generator' ],
17 silly publish   dependencies:
17 silly publish    { 'yeoman-generator': '^0.19.0',
17 silly publish      chalk: '^1.0.0',
17 silly publish      yosay: '^1.0.2' },
17 silly publish   devDependencies: { 'js-yaml': '^3.3.1', mocha: '*' },
17 silly publish   readme: '# generator-telegram-bot [![Build Status](https://secure.travis-ci.org/ashneo76/generator-telegram-bot.png?branch=master)](https://travis-ci.org/ashneo76/generator-telegram-bot)\n\n> [Yeoman](http://yeoman.io) generator\n\n\n## Getting Started\n\n### What is Yeoman?\n\nTrick question. It\'s not a thing. It\'s this guy:\n\n![](http://i.imgur.com/JHaAlBJ.png)\n\nBasically, he wears a top hat, lives in your computer, and waits for you to tell him what kind of application you wish to create.\n\nNot every new computer comes with a Yeoman pre-installed. He lives in the [npm](https://npmjs.org) package repository. You only have to ask for him once, then he packs up and moves into your hard drive. *Make sure you clean up, he likes new and shiny things.*\n\n```bash\nnpm install -g yo\n```\n\n### Yeoman Generators\n\nYeoman travels light. He didn\'t pack any generators when he moved in. You can think of a generator like a plug-in. You get to choose what type of application you wish to create, such as a Backbone application or even a Chrome extension.\n\nTo install generator-telegram-bot from npm, run:\n\n```bash\nnpm install -g generator-telegram-bot\n```\n\nFinally, initiate the generator:\n\n```bash\nyo telegram-bot\n```\n\n### Getting To Know Yeoman\n\nYeoman has a heart of gold. He\'s a person with feelings and opinions, but he\'s very easy to work with. If you think he\'s too opinionated, he can be easily convinced.\n\nIf you\'d like to get to know Yeoman better and meet some of his friends, [Grunt](http://gruntjs.com) and [Bower](http://bower.io), check out the complete [Getting Started Guide](https://github.com/yeoman/yeoman/wiki/Getting-Started).\n\n\n## License\n\nMIT\n',
17 silly publish   readmeFilename: 'README.md',
17 silly publish   gitHead: 'b25b4a67fd38eb88ee8efb836a6994fbfdd77cc1',
17 silly publish   bugs: { url: 'https://github.com/ashneo76/generator-telegram-bot/issues' },
17 silly publish   homepage: 'https://github.com/ashneo76/generator-telegram-bot#readme',
17 silly publish   _id: 'generator-telegram-bot@0.0.6',
17 silly publish   _shasum: '264304e784304187af1b24680c6cf0a12fc149ce',
17 silly publish   _from: '.' }
18 verbose getPublishConfig undefined
19 silly mapToRegistry name generator-telegram-bot
20 silly mapToRegistry using default registry
21 silly mapToRegistry registry https://registry.npmjs.org/
22 silly mapToRegistry uri https://registry.npmjs.org/generator-telegram-bot
23 verbose publish registryBase https://registry.npmjs.org/
24 silly publish uploading /home/neo/.npm/generator-telegram-bot/0.0.6/package.tgz
25 verbose request uri https://registry.npmjs.org/generator-telegram-bot
26 verbose request sending authorization for write operation
27 info attempt registry request try #1 at 4:34:46 PM
28 verbose request using bearer token for auth
29 verbose request id 35b8328e0339ba10
30 http request PUT https://registry.npmjs.org/generator-telegram-bot
31 http 403 https://registry.npmjs.org/generator-telegram-bot
32 verbose headers { 'content-type': 'application/json',
32 verbose headers   'cache-control': 'max-age=60',
32 verbose headers   'content-length': '95',
32 verbose headers   'accept-ranges': 'bytes',
32 verbose headers   date: 'Wed, 29 Jul 2015 21:34:46 GMT',
32 verbose headers   via: '1.1 varnish',
32 verbose headers   connection: 'keep-alive',
32 verbose headers   'x-served-by': 'cache-ord1721-ORD',
32 verbose headers   'x-cache': 'MISS',
32 verbose headers   'x-cache-hits': '0',
32 verbose headers   'x-timer': 'S1438205686.417594,VS0,VE263' }
33 verbose request invalidating /home/neo/.npm/registry.npmjs.org/generator-telegram-bot on PUT
34 error publish Failed PUT 403
35 verbose stack Error: "You cannot publish over the previously published version 0.0.6." : generator-telegram-bot
35 verbose stack     at CachingRegistryClient.<anonymous> (/usr/lib/node_modules/npm/node_modules/npm-registry-client/lib/request.js:247:14)
35 verbose stack     at Request._callback (/usr/lib/node_modules/npm/node_modules/npm-registry-client/lib/request.js:170:14)
35 verbose stack     at Request.self.callback (/usr/lib/node_modules/npm/node_modules/request/request.js:197:22)
35 verbose stack     at Request.emit (events.js:110:17)
35 verbose stack     at Request.<anonymous> (/usr/lib/node_modules/npm/node_modules/request/request.js:1050:14)
35 verbose stack     at Request.emit (events.js:129:20)
35 verbose stack     at IncomingMessage.<anonymous> (/usr/lib/node_modules/npm/node_modules/request/request.js:996:12)
35 verbose stack     at IncomingMessage.emit (events.js:129:20)
35 verbose stack     at _stream_readable.js:908:16
35 verbose stack     at process._tickCallback (node.js:355:11)
36 verbose statusCode 403
37 verbose pkgid generator-telegram-bot
38 verbose cwd /data/projects/generator-telegram-bot
39 error Linux 4.1.2-2-ARCH
40 error argv "node" "/usr/bin/npm" "publish"
41 error node v0.12.7
42 error npm  v2.13.2
43 error code E403
44 error "You cannot publish over the previously published version 0.0.6." : generator-telegram-bot
45 error If you need help, you may report this error at:
45 error     <https://github.com/npm/npm/issues>
46 verbose exit [ 1, true ]
